XiaonengChatUI/build/outputs/logs/manifest-merger-debug-report.txt
-- Merging decision tree log ---
manifest
ADDED from XiaonengChatUI\AndroidManifest.xml:2:1-15:12
INJECTED from XiaonengChatUI\AndroidManifest.xml:2:1-15:12
INJECTED from XiaonengChatUI\AndroidManifest.xml:2:1-15:12
MERGED from [com.android.support:appcompat-v7:27.1.1] AndroidManifest.xml:17:1-22:12
MERGED from [com.android.support:recyclerview-v7:27.1.1] AndroidManifest.xml:17:1-22:12
MERGED from [com.android.support:support-fragment:27.1.1] AndroidManifest.xml:17:1-22:12
MERGED from [com.android.support:animated-vector-drawable:27.1.1] AndroidManifest.xml:17:1-22:12
MERGED from [com.android.support:support-core-ui:27.1.1] AndroidManifest.xml:17:1-22:12
MERGED from [com.android.support:support-core-utils:27.1.1] AndroidManifest.xml:17:1-22:12
MERGED from [com.android.support:support-vector-drawable:27.1.1] AndroidManifest.xml:17:1-22:12
MERGED from [com.android.support:support-compat:27.1.1] AndroidManifest.xml:17:1-22:12
MERGED from [android.arch.lifecycle:livedata-core:1.1.0] AndroidManifest.xml:17:1-22:12
MERGED from [android.arch.lifecycle:viewmodel:1.1.0] AndroidManifest.xml:17:1-22:12
MERGED from [android.arch.lifecycle:runtime:1.1.0] AndroidManifest.xml:17:1-22:12
MERGED from [android.arch.core:runtime:1.1.0] AndroidManifest.xml:17:1-22:12
INJECTED from XiaonengChatUI\AndroidManifest.xml:2:1-15:12
INJECTED from XiaonengChatUI\AndroidManifest.xml:2:1-15:12
	package
		ADDED from XiaonengChatUI\AndroidManifest.xml:3:5-31
	android:versionName
		ADDED from XiaonengChatUI\AndroidManifest.xml:5:5-30
		INJECTED from XiaonengChatUI\AndroidManifest.xml
		INJECTED from XiaonengChatUI\AndroidManifest.xml
	xmlns:android
		ADDED from XiaonengChatUI\AndroidManifest.xml:2:11-69
	android:versionCode
		ADDED from XiaonengChatUI\AndroidManifest.xml:4:5-28
		INJECTED from XiaonengChatUI\AndroidManifest.xml
		INJECTED from XiaonengChatUI\AndroidManifest.xml
application
ADDED from XiaonengChatUI\AndroidManifest.xml:8:5-13:19
uses-sdk
INJECTED from XiaonengChatUI\AndroidManifest.xml reason: use-sdk injection requested
INJECTED from XiaonengChatUI\AndroidManifest.xml
INJECTED from XiaonengChatUI\AndroidManifest.xml
MERGED from [com.android.support:appcompat-v7:27.1.1] AndroidManifest.xml:20:5-44
MERGED from [com.android.support:appcompat-v7:27.1.1] AndroidManifest.xml:20:5-44
MERGED from [com.android.support:recyclerview-v7:27.1.1] AndroidManifest.xml:20:5-44
MERGED from [com.android.support:recyclerview-v7:27.1.1] AndroidManifest.xml:20:5-44
MERGED from [com.android.support:support-fragment:27.1.1] AndroidManifest.xml:20:5-44
MERGED from [com.android.support:support-fragment:27.1.1] AndroidManifest.xml:20:5-44
MERGED from [com.android.support:animated-vector-drawable:27.1.1] AndroidManifest.xml:20:5-44
MERGED from [com.android.support:animated-vector-drawable:27.1.1] AndroidManifest.xml:20:5-44
MERGED from [com.android.support:support-core-ui:27.1.1] AndroidManifest.xml:20:5-44
MERGED from [com.android.support:support-core-ui:27.1.1] AndroidManifest.xml:20:5-44
MERGED from [com.android.support:support-core-utils:27.1.1] AndroidManifest.xml:20:5-44
MERGED from [com.android.support:support-core-utils:27.1.1] AndroidManifest.xml:20:5-44
MERGED from [com.android.support:support-vector-drawable:27.1.1] AndroidManifest.xml:20:5-44
MERGED from [com.android.support:support-vector-drawable:27.1.1] AndroidManifest.xml:20:5-44
MERGED from [com.android.support:support-compat:27.1.1] AndroidManifest.xml:20:5-44
MERGED from [com.android.support:support-compat:27.1.1] AndroidManifest.xml:20:5-44
MERGED from [android.arch.lifecycle:livedata-core:1.1.0] AndroidManifest.xml:20:5-44
MERGED from [android.arch.lifecycle:livedata-core:1.1.0] AndroidManifest.xml:20:5-44
MERGED from [android.arch.lifecycle:viewmodel:1.1.0] AndroidManifest.xml:20:5-44
MERGED from [android.arch.lifecycle:viewmodel:1.1.0] AndroidManifest.xml:20:5-44
MERGED from [android.arch.lifecycle:runtime:1.1.0] AndroidManifest.xml:20:5-44
MERGED from [android.arch.lifecycle:runtime:1.1.0] AndroidManifest.xml:20:5-44
MERGED from [android.arch.core:runtime:1.1.0] AndroidManifest.xml:20:5-44
MERGED from [android.arch.core:runtime:1.1.0] AndroidManifest.xml:20:5-44
INJECTED from XiaonengChatUI\AndroidManifest.xml
INJECTED from XiaonengChatUI\AndroidManifest.xml
	android:targetSdkVersion
		INJECTED from XiaonengChatUI\AndroidManifest.xml
		ADDED from XiaonengChatUI\AndroidManifest.xml
		INJECTED from XiaonengChatUI\AndroidManifest.xml
	android:minSdkVersion
		INJECTED from XiaonengChatUI\AndroidManifest.xml
		ADDED from XiaonengChatUI\AndroidManifest.xml
		INJECTED from XiaonengChatUI\AndroidManifest.xml